<?xml version="1.0" encoding="UTF-8"?>
<robot generator="Robot 6.1.1 (Python 3.12.3 on darwin)" generated="20240502 17:59:22.320" rpa="false" schemaversion="4">
<suite id="s1" name="Register" source="/Users/dominic/Repositories/TradeMe-Web-Automation/tests/register.robot">
<test id="s1-t1" name="Register New Account" line="12">
<kw name="Open Trade Me" library="Keywords">
<kw name="New Browser" library="Browser">
<arg>${DRIVER}</arg>
<arg>headless=${HEADLESS}</arg>
<tag>BrowserControl</tag>
<tag>Setter</tag>
<doc>Create a new playwright Browser with specified options.</doc>
<msg timestamp="20240502 17:59:23.768" level="INFO">{"browser": "chromium", "headless": false, "chromiumSandbox": false, "devtools": false, "handleSIGHUP": true, "handleSIGINT": true, "handleSIGTERM": true, "slowMo": 0.0, "timeout": 30000.0, "tracesDir": "/Users/dominic/Repositories/TradeMe-Web-Automation/browser/traces/8fc289b2-7b8e-40fe-9442-3e6623fbd153"}</msg>
<msg timestamp="20240502 17:59:24.115" level="INFO">Successfully created browser with options: {"browser":"chromium","headless":false,"chromiumSandbox":false,"devtools":false,"handleSIGHUP":true,"handleSIGINT":true,"handleSIGTERM":true,"slowMo":0,"timeout":30000,"tracesDir":"/Users/dominic/Repositories/TradeMe-Web-Automation/browser/traces/8fc289b2-7b8e-40fe-9442-3e6623fbd153"}</msg>
<status status="PASS" starttime="20240502 17:59:23.767" endtime="20240502 17:59:24.115"/>
</kw>
<kw name="New Context" library="Browser">
<arg>viewport={'width': ${VIEWPORT_W}, 'height': ${VIEWPORT_H}}</arg>
<tag>BrowserControl</tag>
<tag>Setter</tag>
<doc>Create a new BrowserContext with specified options.</doc>
<msg timestamp="20240502 17:59:24.116" level="INFO">{
  "acceptDownloads": true,
  "bypassCSP": false,
  "forcedColors": "none",
  "ignoreHTTPSErrors": false,
  "javaScriptEnabled": true,
  "offline": false,
  "reducedMotion": "no-preference",
  "serviceWorkers": "allow",
  "viewport": {
    "width": 1920,
    "height": 1080
  }
}</msg>
<msg timestamp="20240502 17:59:24.132" level="INFO">Successfully created context. </msg>
<msg timestamp="20240502 17:59:24.132" level="INFO">{'acceptDownloads': True, 'bypassCSP': False, 'forcedColors': 'none', 'ignoreHTTPSErrors': False, 'javaScriptEnabled': True, 'offline': False, 'reducedMotion': 'no-preference', 'serviceWorkers': 'allow', 'viewport': {'width': 1920, 'height': 1080}}</msg>
<status status="PASS" starttime="20240502 17:59:24.115" endtime="20240502 17:59:24.132"/>
</kw>
<kw name="New Page" library="Browser">
<arg>${URL}</arg>
<tag>BrowserControl</tag>
<tag>Setter</tag>
<doc>Open a new Page.</doc>
<msg timestamp="20240502 17:59:27.788" level="INFO">Successfully initialized new page object and opened url: https://www.tmsandbox.co.nz/a/</msg>
<status status="PASS" starttime="20240502 17:59:24.132" endtime="20240502 17:59:27.788"/>
</kw>
<kw name="Wait For Load State" library="Browser">
<arg>domcontentloaded</arg>
<arg>60s</arg>
<tag>PageContent</tag>
<tag>Wait</tag>
<doc>Waits that the page reaches the required load state.</doc>
<msg timestamp="20240502 17:59:27.789" level="INFO">Waiting page load to state to receive domcontentloaded in 60000.0</msg>
<msg timestamp="20240502 17:59:27.793" level="INFO">Load state domcontentloaded got in 60000</msg>
<status status="PASS" starttime="20240502 17:59:27.789" endtime="20240502 17:59:27.793"/>
</kw>
<status status="PASS" starttime="20240502 17:59:23.766" endtime="20240502 17:59:27.793"/>
</kw>
<kw name="Go To Register Page" library="Keywords">
<kw name="Click" library="Browser">
<arg>${register_link}</arg>
<tag>PageContent</tag>
<tag>Setter</tag>
<doc>Simulates mouse click on the element found by ``selector``.</doc>
<msg timestamp="20240502 17:59:27.794" level="INFO">Clicks the element 'xpath=(//a[@href="register"])[1]'.</msg>
<status status="PASS" starttime="20240502 17:59:27.794" endtime="20240502 17:59:27.851"/>
</kw>
<kw name="Get Title" library="Browser">
<arg>contains</arg>
<arg>Register for membership of Trade Me</arg>
<tag>Assertion</tag>
<tag>Getter</tag>
<tag>PageContent</tag>
<doc>Returns the title of the current page.</doc>
<msg timestamp="20240502 17:59:27.900" level="INFO">Title: 'Register for membership of Trade Me | Trade Me'</msg>
<status status="PASS" starttime="20240502 17:59:27.851" endtime="20240502 17:59:27.900"/>
</kw>
<status status="PASS" starttime="20240502 17:59:27.794" endtime="20240502 17:59:27.901"/>
</kw>
<kw name="Create Account" library="Keywords">
<var>${account_info}</var>
<if>
<branch type="IF" condition="${randomised} == ${True}">
<kw name="Generate Random String" library="String">
<var>${account}</var>
<arg>6</arg>
<arg>[NUMBERS]</arg>
<doc>Generates a string with a desired ``length`` from the given ``chars``.</doc>
<msg timestamp="20240502 17:59:27.901" level="INFO">${account} = 917281</msg>
<status status="PASS" starttime="20240502 17:59:27.901" endtime="20240502 17:59:27.901"/>
</kw>
<kw name="Generate Random String" library="String">
<var>${email}</var>
<arg>8</arg>
<arg>[LOWER]</arg>
<doc>Generates a string with a desired ``length`` from the given ``chars``.</doc>
<msg timestamp="20240502 17:59:27.902" level="INFO">${email} = pivwpqwq</msg>
<status status="PASS" starttime="20240502 17:59:27.902" endtime="20240502 17:59:27.902"/>
</kw>
<kw name="Generate Random String" library="String">
<var>${password}</var>
<arg>8</arg>
<arg>[LETTERS]</arg>
<doc>Generates a string with a desired ``length`` from the given ``chars``.</doc>
<msg timestamp="20240502 17:59:27.902" level="INFO">${password} = DduOfnrG</msg>
<status status="PASS" starttime="20240502 17:59:27.902" endtime="20240502 17:59:27.902"/>
</kw>
<kw name="Generate Random String" library="String">
<var>${f_name}</var>
<arg>4</arg>
<arg>[UPPER]</arg>
<doc>Generates a string with a desired ``length`` from the given ``chars``.</doc>
<msg timestamp="20240502 17:59:27.902" level="INFO">${f_name} = VQHA</msg>
<status status="PASS" starttime="20240502 17:59:27.902" endtime="20240502 17:59:27.902"/>
</kw>
<kw name="Generate Random String" library="String">
<var>${l_name}</var>
<arg>4</arg>
<arg>[UPPER]</arg>
<doc>Generates a string with a desired ``length`` from the given ``chars``.</doc>
<msg timestamp="20240502 17:59:27.902" level="INFO">${l_name} = JCVH</msg>
<status status="PASS" starttime="20240502 17:59:27.902" endtime="20240502 17:59:27.902"/>
</kw>
<kw name="Catenate" library="BuiltIn">
<var>${account}</var>
<arg>SEPARATOR=</arg>
<arg>UserID_</arg>
<arg>${account}</arg>
<doc>Catenates the given items together and returns the resulted string.</doc>
<msg timestamp="20240502 17:59:27.903" level="INFO">${account} = UserID_917281</msg>
<status status="PASS" starttime="20240502 17:59:27.902" endtime="20240502 17:59:27.903"/>
</kw>
<kw name="Catenate" library="BuiltIn">
<var>${email}</var>
<arg>SEPARATOR=</arg>
<arg>${email}</arg>
<arg>@test.account.com</arg>
<doc>Catenates the given items together and returns the resulted string.</doc>
<msg timestamp="20240502 17:59:27.903" level="INFO">${email} = pivwpqwq@test.account.com</msg>
<status status="PASS" starttime="20240502 17:59:27.903" endtime="20240502 17:59:27.903"/>
</kw>
<status status="PASS" starttime="20240502 17:59:27.901" endtime="20240502 17:59:27.903"/>
</branch>
<status status="PASS" starttime="20240502 17:59:27.901" endtime="20240502 17:59:27.903"/>
</if>
<kw name="Create Dictionary" library="BuiltIn">
<var>${account_info}</var>
<arg>account=${account}</arg>
<arg>email=${email}</arg>
<arg>password=${password}</arg>
<arg>f_name=${f_name}</arg>
<arg>l_name=${l_name}</arg>
<doc>Creates and returns a dictionary based on the given ``items``.</doc>
<msg timestamp="20240502 17:59:27.903" level="INFO">${account_info} = {'account': 'UserID_917281', 'email': 'pivwpqwq@test.account.com', 'password': 'DduOfnrG', 'f_name': 'VQHA', 'l_name': 'JCVH'}</msg>
<status status="PASS" starttime="20240502 17:59:27.903" endtime="20240502 17:59:27.903"/>
</kw>
<kw name="Put Account" library="AccountManager">
<arg>${account_file}</arg>
<arg>${account_info}</arg>
<status status="PASS" starttime="20240502 17:59:27.903" endtime="20240502 17:59:27.904"/>
</kw>
<return>
<value>${account_info}</value>
<status status="PASS" starttime="20240502 17:59:27.905" endtime="20240502 17:59:27.905"/>
</return>
<msg timestamp="20240502 17:59:27.905" level="INFO">${account_info} = {'account': 'UserID_917281', 'email': 'pivwpqwq@test.account.com', 'password': 'DduOfnrG', 'f_name': 'VQHA', 'l_name': 'JCVH', 'date_of_birth': '2000/01/01', 'status': 'disabled'}</msg>
<status status="PASS" starttime="20240502 17:59:27.901" endtime="20240502 17:59:27.906"/>
</kw>
<kw name="Set Account Purpose" library="Keywords">
<arg>Personal</arg>
<kw name="Convert To Lower Case" library="String">
<var>${purpose}</var>
<arg>${purpose}</arg>
<doc>Converts string to lower case.</doc>
<msg timestamp="20240502 17:59:27.906" level="INFO">${purpose} = personal</msg>
<status status="PASS" starttime="20240502 17:59:27.906" endtime="20240502 17:59:27.906"/>
</kw>
<if>
<branch type="IF" condition="'${purpose}' == 'personal'">
<kw name="Click" library="Browser">
<arg>${personal_link}</arg>
<tag>PageContent</tag>
<tag>Setter</tag>
<doc>Simulates mouse click on the element found by ``selector``.</doc>
<msg timestamp="20240502 17:59:27.907" level="INFO">Clicks the element 'xpath=//a[@href="/a/register/personal"]'.</msg>
<status status="PASS" starttime="20240502 17:59:27.906" endtime="20240502 17:59:27.968"/>
</kw>
<status status="PASS" starttime="20240502 17:59:27.906" endtime="20240502 17:59:27.968"/>
</branch>
<status status="PASS" starttime="20240502 17:59:27.906" endtime="20240502 17:59:27.968"/>
</if>
<if>
<branch type="IF" condition="'${purpose}' == 'business'">
<kw name="Click" library="Browser">
<arg>${business_link}</arg>
<tag>PageContent</tag>
<tag>Setter</tag>
<doc>Simulates mouse click on the element found by ``selector``.</doc>
<status status="NOT RUN" starttime="20240502 17:59:27.969" endtime="20240502 17:59:27.969"/>
</kw>
<status status="NOT RUN" starttime="20240502 17:59:27.968" endtime="20240502 17:59:27.969"/>
</branch>
<status status="PASS" starttime="20240502 17:59:27.968" endtime="20240502 17:59:27.969"/>
</if>
<status status="PASS" starttime="20240502 17:59:27.906" endtime="20240502 17:59:27.969"/>
</kw>
<kw name="Input Account Details" library="Keywords">
<arg>${account_info}</arg>
<arg>New Zealand</arg>
<kw name="Type Text" library="Browser">
<arg>${email_field}</arg>
<arg>${account_info['email']}</arg>
<tag>PageContent</tag>
<tag>Setter</tag>
<doc>Types the given ``txt`` into the text field found by ``selector``.</doc>
<msg timestamp="20240502 17:59:27.970" level="INFO">Types the text 'pivwpqwq@test.account.com' in the given field.</msg>
<status status="PASS" starttime="20240502 17:59:27.969" endtime="20240502 17:59:28.030"/>
</kw>
<kw name="Type Secret" library="Browser">
<arg>${password_field}</arg>
<arg>$account_info['password']</arg>
<tag>PageContent</tag>
<tag>Setter</tag>
<doc>Types the given secret from ``variable_name`` into the text field
found by ``selector``.</doc>
<status status="PASS" starttime="20240502 17:59:28.030" endtime="20240502 17:59:28.054"/>
</kw>
<kw name="Type Secret" library="Browser">
<arg>${confirm_password_field}</arg>
<arg>$account_info['password']</arg>
<tag>PageContent</tag>
<tag>Setter</tag>
<doc>Types the given secret from ``variable_name`` into the text field
found by ``selector``.</doc>
<status status="PASS" starttime="20240502 17:59:28.054" endtime="20240502 17:59:28.080"/>
</kw>
<kw name="Type Text" library="Browser">
<arg>${username_field}</arg>
<arg>${account_info['account']}</arg>
<tag>PageContent</tag>
<tag>Setter</tag>
<doc>Types the given ``txt`` into the text field found by ``selector``.</doc>
<msg timestamp="20240502 17:59:28.080" level="INFO">Types the text 'UserID_917281' in the given field.</msg>
<status status="PASS" starttime="20240502 17:59:28.080" endtime="20240502 17:59:28.111"/>
</kw>
<kw name="Convert To Lower Case" library="String">
<var>${region}</var>
<arg>${region}</arg>
<doc>Converts string to lower case.</doc>
<msg timestamp="20240502 17:59:28.112" level="INFO">${region} = new zealand</msg>
<status status="PASS" starttime="20240502 17:59:28.112" endtime="20240502 17:59:28.112"/>
</kw>
<if>
<branch type="IF" condition="'${region}' == 'new zealand'">
<kw name="Click" library="Browser">
<arg>${region_nz_option}</arg>
<tag>PageContent</tag>
<tag>Setter</tag>
<doc>Simulates mouse click on the element found by ``selector``.</doc>
<msg timestamp="20240502 17:59:28.112" level="INFO">Clicks the element 'xpath=//tg-radio-item[@value="New Zealand"]/label'.</msg>
<status status="PASS" starttime="20240502 17:59:28.112" endtime="20240502 17:59:28.144"/>
</kw>
<status status="PASS" starttime="20240502 17:59:28.112" endtime="20240502 17:59:28.145"/>
</branch>
<status status="PASS" starttime="20240502 17:59:28.112" endtime="20240502 17:59:28.145"/>
</if>
<if>
<branch type="IF" condition="'${region}' == 'australia'">
<kw name="Click" library="Browser">
<arg>${region_au_option}</arg>
<tag>PageContent</tag>
<tag>Setter</tag>
<doc>Simulates mouse click on the element found by ``selector``.</doc>
<status status="NOT RUN" starttime="20240502 17:59:28.145" endtime="20240502 17:59:28.145"/>
</kw>
<status status="NOT RUN" starttime="20240502 17:59:28.145" endtime="20240502 17:59:28.145"/>
</branch>
<status status="PASS" starttime="20240502 17:59:28.145" endtime="20240502 17:59:28.145"/>
</if>
<kw name="Click" library="Browser">
<arg>${submit_button}</arg>
<tag>PageContent</tag>
<tag>Setter</tag>
<doc>Simulates mouse click on the element found by ``selector``.</doc>
<msg timestamp="20240502 17:59:28.145" level="INFO">Clicks the element 'xpath=//button[@type="submit"]'.</msg>
<status status="PASS" starttime="20240502 17:59:28.145" endtime="20240502 17:59:28.221"/>
</kw>
<status status="PASS" starttime="20240502 17:59:27.969" endtime="20240502 17:59:28.221"/>
</kw>
<kw name="Input Personal Details" library="Keywords">
<arg>${account_info}</arg>
<doc>To-do: Add additional arguments to specify or retrieve fields such as phone number or gender.
At this stage they remain hardcoded ¯_(ツ)_/¯.</doc>
<kw name="Type Text" library="Browser">
<arg>${f_name_field}</arg>
<arg>${account_info['f_name']}</arg>
<tag>PageContent</tag>
<tag>Setter</tag>
<doc>Types the given ``txt`` into the text field found by ``selector``.</doc>
<msg timestamp="20240502 17:59:28.222" level="INFO">Types the text 'VQHA' in the given field.</msg>
<status status="PASS" starttime="20240502 17:59:28.221" endtime="20240502 17:59:28.241"/>
</kw>
<kw name="Type Text" library="Browser">
<arg>${l_name_field}</arg>
<arg>${account_info['l_name']}</arg>
<tag>PageContent</tag>
<tag>Setter</tag>
<doc>Types the given ``txt`` into the text field found by ``selector``.</doc>
<msg timestamp="20240502 17:59:28.241" level="INFO">Types the text 'JCVH' in the given field.</msg>
<status status="PASS" starttime="20240502 17:59:28.241" endtime="20240502 17:59:28.259"/>
</kw>
<kw name="Get Formatted Date" library="Keywords">
<var>${formatted_date}</var>
<arg>${account_info['date_of_birth']}</arg>
<doc>The date fields for registration use the format 01 January 2000 (%d %B %Y)
However, these are written and stored in /data/Accounts.csv as 2000/01/01 (%Y/%m/%d) for readability.
This function will convert them and return a dictionary with easily accessible keys.</doc>
<kw name="Convert Date" library="DateTime">
<var>${formatted_date}</var>
<arg>${date}</arg>
<arg>result_format=%Y %B %d</arg>
<arg>date_format=%Y/%m/%d</arg>
<doc>Converts between supported `date formats`.</doc>
<msg timestamp="20240502 17:59:28.261" level="INFO">${formatted_date} = 2000 January 01</msg>
<status status="PASS" starttime="20240502 17:59:28.259" endtime="20240502 17:59:28.261"/>
</kw>
<kw name="Split String" library="String">
<var>@{date_parts}</var>
<arg>${formatted_date}</arg>
<arg>${SPACE}</arg>
<doc>Splits the ``string`` using ``separator`` as a delimiter string.</doc>
<msg timestamp="20240502 17:59:28.261" level="INFO">@{date_parts} = [ 2000 | January | 01 ]</msg>
<status status="PASS" starttime="20240502 17:59:28.261" endtime="20240502 17:59:28.261"/>
</kw>
<kw name="Create Dictionary" library="BuiltIn">
<var>${date_dict}</var>
<arg>year=${date_parts[0]}</arg>
<arg>month=${date_parts[1]}</arg>
<arg>day=${date_parts[2]}</arg>
<doc>Creates and returns a dictionary based on the given ``items``.</doc>
<msg timestamp="20240502 17:59:28.262" level="INFO">${date_dict} = {'year': '2000', 'month': 'January', 'day': '01'}</msg>
<status status="PASS" starttime="20240502 17:59:28.261" endtime="20240502 17:59:28.263"/>
</kw>
<return>
<value>${date_dict}</value>
<status status="PASS" starttime="20240502 17:59:28.263" endtime="20240502 17:59:28.263"/>
</return>
<msg timestamp="20240502 17:59:28.263" level="INFO">${formatted_date} = {'year': '2000', 'month': 'January', 'day': '01'}</msg>
<status status="PASS" starttime="20240502 17:59:28.259" endtime="20240502 17:59:28.263"/>
</kw>
<kw name="Type Text" library="Browser">
<arg>${dob_d_field}</arg>
<arg>${formatted_date['day']}</arg>
<tag>PageContent</tag>
<tag>Setter</tag>
<doc>Types the given ``txt`` into the text field found by ``selector``.</doc>
<msg timestamp="20240502 17:59:28.263" level="INFO">Types the text '01' in the given field.</msg>
<status status="PASS" starttime="20240502 17:59:28.263" endtime="20240502 17:59:28.278"/>
</kw>
<kw name="Select Options By" library="Browser">
<arg>${dob_m_field}</arg>
<arg>text</arg>
<arg>${formatted_date['month']}</arg>
<tag>PageContent</tag>
<tag>Setter</tag>
<doc>Selects options from select element found by ``selector``.</doc>
<msg timestamp="20240502 17:59:28.279" level="INFO">Selects the option(s) January by attribute SelectAttribute.label from element xpath=//select[@name="month"].</msg>
<status status="PASS" starttime="20240502 17:59:28.279" endtime="20240502 17:59:28.310"/>
</kw>
<kw name="Type Text" library="Browser">
<arg>${dob_y_field}</arg>
<arg>${formatted_date['year']}</arg>
<tag>PageContent</tag>
<tag>Setter</tag>
<doc>Types the given ``txt`` into the text field found by ``selector``.</doc>
<msg timestamp="20240502 17:59:28.310" level="INFO">Types the text '2000' in the given field.</msg>
<status status="PASS" starttime="20240502 17:59:28.310" endtime="20240502 17:59:28.332"/>
</kw>
<kw name="Select Options By" library="Browser">
<arg>${phone_areacode_field}</arg>
<arg>text</arg>
<arg>03</arg>
<tag>PageContent</tag>
<tag>Setter</tag>
<doc>Selects options from select element found by ``selector``.</doc>
<msg timestamp="20240502 17:59:28.333" level="INFO">Selects the option(s) 03 by attribute SelectAttribute.label from element xpath=//select[@name="primaryPhonePrefix"].</msg>
<status status="PASS" starttime="20240502 17:59:28.332" endtime="20240502 17:59:28.343"/>
</kw>
<kw name="Type Text" library="Browser">
<arg>${phone_number_field}</arg>
<arg>1234567</arg>
<tag>PageContent</tag>
<tag>Setter</tag>
<doc>Types the given ``txt`` into the text field found by ``selector``.</doc>
<msg timestamp="20240502 17:59:28.344" level="INFO">Types the text '1234567' in the given field.</msg>
<status status="PASS" starttime="20240502 17:59:28.343" endtime="20240502 17:59:28.367"/>
</kw>
<kw name="Click" library="Browser">
<arg>${gender_male_option}</arg>
<tag>PageContent</tag>
<tag>Setter</tag>
<doc>Simulates mouse click on the element found by ``selector``.</doc>
<msg timestamp="20240502 17:59:28.367" level="INFO">Clicks the element 'xpath=//tg-radio-item[@value="male"]/label'.</msg>
<status status="PASS" starttime="20240502 17:59:28.367" endtime="20240502 17:59:28.396"/>
</kw>
<kw name="Type Text" library="Browser">
<arg>${address_field}</arg>
<arg>21 Jutland Street</arg>
<tag>PageContent</tag>
<tag>Setter</tag>
<doc>Types the given ``txt`` into the text field found by ``selector``.</doc>
<msg timestamp="20240502 17:59:28.396" level="INFO">Types the text '21 Jutland Street' in the given field.</msg>
<status status="PASS" starttime="20240502 17:59:28.396" endtime="20240502 17:59:28.442"/>
</kw>
<kw name="Wait For Elements State" library="Browser">
<arg>${desired_address_option}</arg>
<arg>visible</arg>
<tag>PageContent</tag>
<tag>Wait</tag>
<doc>Waits for the element found by ``selector`` to satisfy state option.</doc>
<msg timestamp="20240502 17:59:29.737" level="INFO">Waited for Element with selector xpath=//div[contains(normalize-space(.), '21 Jutland Street, North New Brighton, Christchurch')]/ancestor::button at state visible</msg>
<status status="PASS" starttime="20240502 17:59:28.442" endtime="20240502 17:59:29.737"/>
</kw>
<kw name="Click" library="Browser">
<arg>${desired_address_option}</arg>
<tag>PageContent</tag>
<tag>Setter</tag>
<doc>Simulates mouse click on the element found by ``selector``.</doc>
<msg timestamp="20240502 17:59:29.739" level="INFO">Clicks the element 'xpath=//div[contains(normalize-space(.), '21 Jutland Street, North New Brighton, Christchurch')]/ancestor::button'.</msg>
<status status="PASS" starttime="20240502 17:59:29.738" endtime="20240502 17:59:29.791"/>
</kw>
<kw name="Select Options By" library="Browser">
<arg>${town_option}</arg>
<arg>text</arg>
<arg>Canterbury - Christchurch City</arg>
<tag>PageContent</tag>
<tag>Setter</tag>
<doc>Selects options from select element found by ``selector``.</doc>
<msg timestamp="20240502 17:59:29.791" level="INFO">Selects the option(s) Canterbury - Christchurch City by attribute SelectAttribute.label from element xpath=//select[@name="closestTown"].</msg>
<status status="PASS" starttime="20240502 17:59:29.791" endtime="20240502 17:59:29.806"/>
</kw>
<kw name="Click" library="Browser">
<arg>${terms_option}</arg>
<tag>PageContent</tag>
<tag>Setter</tag>
<doc>Simulates mouse click on the element found by ``selector``.</doc>
<msg timestamp="20240502 17:59:29.806" level="INFO">Clicks the element 'xpath=//tg-checkbox[@name="hasAcceptedTerms"]/label'.</msg>
<status status="PASS" starttime="20240502 17:59:29.806" endtime="20240502 17:59:29.846"/>
</kw>
<kw name="Click" library="Browser">
<arg>${submit_button}</arg>
<tag>PageContent</tag>
<tag>Setter</tag>
<doc>Simulates mouse click on the element found by ``selector``.</doc>
<msg timestamp="20240502 17:59:29.847" level="INFO">Clicks the element 'xpath=//button[@type="submit"]'.</msg>
<status status="PASS" starttime="20240502 17:59:29.846" endtime="20240502 17:59:29.895"/>
</kw>
<status status="PASS" starttime="20240502 17:59:28.221" endtime="20240502 17:59:29.895"/>
</kw>
<kw name="Verify Success" library="Keywords">
<arg>${account_info}</arg>
<kw name="Wait For Elements State" library="Browser">
<arg>${register_success}</arg>
<arg>attached</arg>
<tag>PageContent</tag>
<tag>Wait</tag>
<doc>Waits for the element found by ``selector`` to satisfy state option.</doc>
<msg timestamp="20240502 17:59:31.194" level="INFO">Waited for Element with selector xpath=//tm-register-success at state attached</msg>
<status status="PASS" starttime="20240502 17:59:29.895" endtime="20240502 17:59:31.194"/>
</kw>
<kw name="Set Account Data" library="AccountManager">
<arg>${account_file}</arg>
<arg>${account_info['account']}</arg>
<arg>status</arg>
<arg>enabled</arg>
<doc>Updates the status of the desired account.</doc>
<status status="PASS" starttime="20240502 17:59:31.195" endtime="20240502 17:59:31.196"/>
</kw>
<status status="PASS" starttime="20240502 17:59:29.895" endtime="20240502 17:59:31.197"/>
</kw>
<kw name="Sleep" library="BuiltIn">
<arg>5s</arg>
<doc>Pauses the test executed for the given time.</doc>
<msg timestamp="20240502 17:59:36.199" level="INFO">Slept 5 seconds</msg>
<status status="PASS" starttime="20240502 17:59:31.197" endtime="20240502 17:59:36.200"/>
</kw>
<status status="PASS" starttime="20240502 17:59:23.762" endtime="20240502 17:59:36.201"/>
</test>
<status status="PASS" starttime="20240502 17:59:22.322" endtime="20240502 17:59:36.263"/>
</suite>
<statistics>
<total>
<stat pass="1" fail="0" skip="0">All Tests</stat>
</total>
<tag>
</tag>
<suite>
<stat pass="1" fail="0" skip="0" id="s1" name="Register">Register</stat>
</suite>
</statistics>
<errors>
</errors>
</robot>
